<?xml version="1.0" encoding="UTF-8" ?>
<testsuite tests="4" failures="0" name="cucumber.Options.TestRunner" time="3.331" errors="0" skipped="0">
  <properties>
[...]
</properties>
  <testcase classname="validating Place API&apos;s" name="Verify if place is being successfully added using ADD Place API #1" time="2.317"/>
  <testcase classname="validating Place API&apos;s" name="Verify if place is being successfully added using ADD Place API #2" time="0.407"/>
  <testcase classname="validating Place API&apos;s" name="Verify if place is being successfully added using ADD Place API #3" time="0.314"/>
  <testcase classname="validating Place API&apos;s" name="Verify delete Place API" time="0.293"/>
</testsuite>